<?xml version="1.0" encoding="UTF-8"?>
<testsuite xmlns:xsi="http://www.w3.org/2001/XMLSchema-instance" xsi:noNamespaceSchemaLocation="https://maven.apache.org/surefire/maven-surefire-plugin/xsd/surefire-test-report.xsd" name="com.example.Tutorial.JDBC_JPA_H2.repository.PersonJpaRepositoryTest" time="1.724" tests="4" errors="3" skipped="0" failures="0">
  <properties>
[...]
</properties>
  <testcase name="save" classname="com.example.Tutorial.JDBC_JPA_H2.repository.PersonJpaRepositoryTest" time="0.016">
    <error type="java.lang.NullPointerException">java.lang.NullPointerException
	at com.example.Tutorial.JDBC_JPA_H2.repository.PersonJpaRepositoryTest.save(PersonJpaRepositoryTest.java:52)
</error>
    <system-out><![CDATA[2021-02-21 05:53:25.969  INFO 34316 --- [           main] .b.t.c.SpringBootTestContextBootstrapper : Neither @ContextConfiguration nor @ContextHierarchy found for test class [com.example.Tutorial.JDBC_JPA_H2.repository.PersonJpaRepositoryTest], using SpringBootContextLoader
2021-02-21 05:53:25.971  INFO 34316 --- [           main] o.s.t.c.support.AbstractContextLoader    : Could not detect default resource locations for test class [com.example.Tutorial.JDBC_JPA_H2.repository.PersonJpaRepositoryTest]: no resource found for suffixes {-context.xml, Context.groovy}.
2021-02-21 05:53:25.971  INFO 34316 --- [           main] t.c.s.AnnotationConfigContextLoaderUtils : Could not detect default configuration classes for test class [com.example.Tutorial.JDBC_JPA_H2.repository.PersonJpaRepositoryTest]: PersonJpaRepositoryTest does not declare any static, non-private, non-final, nested classes annotated with @Configuration.
2021-02-21 05:53:26.001  INFO 34316 --- [           main] .b.t.c.SpringBootTestContextBootstrapper : Found @SpringBootConfiguration com.example.Tutorial.JDBC_JPA_H2.JdbcJpaH2Application for test class com.example.Tutorial.JDBC_JPA_H2.repository.PersonJpaRepositoryTest
2021-02-21 05:53:26.004  INFO 34316 --- [           main] .b.t.c.SpringBootTestContextBootstrapper : Loaded default TestExecutionListener class names from location [META-INF/spring.factories]: [org.springframework.boot.test.mock.mockito.MockitoTestExecutionListener, org.springframework.boot.test.mock.mockito.ResetMocksTestExecutionListener, org.springframework.boot.test.autoconfigure.restdocs.RestDocsTestExecutionListener, org.springframework.boot.test.autoconfigure.web.client.MockRestServiceServerResetTestExecutionListener, org.springframework.boot.test.autoconfigure.web.servlet.MockMvcPrintOnlyOnFailureTestExecutionListener, org.springframework.boot.test.autoconfigure.web.servlet.WebDriverTestExecutionListener, org.springframework.test.context.web.ServletTestExecutionListener, org.springframework.test.context.support.DirtiesContextBeforeModesTestExecutionListener, org.springframework.test.context.support.DependencyInjectionTestExecutionListener, org.springframework.test.context.support.DirtiesContextTestExecutionListener, org.springframework.test.context.transaction.TransactionalTestExecutionListener, org.springframework.test.context.jdbc.SqlScriptsTestExecutionListener, org.springframework.test.context.event.EventPublishingTestExecutionListener]
2021-02-21 05:53:26.005  INFO 34316 --- [           main] .b.t.c.SpringBootTestContextBootstrapper : Using TestExecutionListeners: [org.springframework.test.context.web.ServletTestExecutionListener@6de84336, org.springframework.test.context.support.DirtiesContextBeforeModesTestExecutionListener@627bcd7e, org.springframework.boot.test.mock.mockito.MockitoTestExecutionListener@70543cae, org.springframework.boot.test.autoconfigure.SpringBootDependencyInjectionTestExecutionListener@350567f1, org.springframework.test.context.support.DirtiesContextTestExecutionListener@1a5b7394, org.springframework.test.context.transaction.TransactionalTestExecutionListener@26f75d9c, org.springframework.test.context.jdbc.SqlScriptsTestExecutionListener@7717b4a0, org.springframework.test.context.event.EventPublishingTestExecutionListener@69b37f5c, org.springframework.boot.test.mock.mockito.ResetMocksTestExecutionListener@28b5662d, org.springframework.boot.test.autoconfigure.restdocs.RestDocsTestExecutionListener@34b2d51a, org.springframework.boot.test.autoconfigure.web.client.MockRestServiceServerResetTestExecutionListener@7e4ac598, org.springframework.boot.test.autoconfigure.web.servlet.MockMvcPrintOnlyOnFailureTestExecutionListener@cf10c92, org.springframework.boot.test.autoconfigure.web.servlet.WebDriverTestExecutionListener@f76872f]
Hibernate: select person0_.id as id1_2_0_, person0_.birth_date as birth_da2_2_0_, person0_.created_date as created_3_2_0_, person0_.last_updated_date as last_upd4_2_0_, person0_.location as location5_2_0_, person0_.fullname as fullname6_2_0_, person0_.passport_id as passport7_2_0_ from person person0_ where person0_.id=?
2021-02-21 05:53:26.046  INFO 34316 --- [           main] o.s.s.concurrent.ThreadPoolTaskExecutor  : Shutting down ExecutorService 'applicationTaskExecutor'
2021-02-21 05:53:26.048  INFO 34316 --- [           main] j.LocalContainerEntityManagerFactoryBean : Closing JPA EntityManagerFactory for persistence unit 'default'
2021-02-21 05:53:26.048  INFO 34316 --- [           main] .SchemaDropperImpl$DelayedDropActionImpl : HHH000477: Starting delayed evictData of schema as part of SessionFactory shut-down'
Hibernate: drop table course if exists
2021-02-21 05:53:26.051 ERROR 34316 --- [           main] .SchemaDropperImpl$DelayedDropActionImpl : HHH000478: Unsuccessful: drop table course if exists
Hibernate: drop table passport if exists
2021-02-21 05:53:26.052 ERROR 34316 --- [           main] .SchemaDropperImpl$DelayedDropActionImpl : HHH000478: Unsuccessful: drop table passport if exists
Hibernate: drop table person if exists
Hibernate: drop table review if exists
Hibernate: drop sequence if exists hibernate_sequence
2021-02-21 05:53:26.062  INFO 34316 --- [           main] com.zaxxer.hikari.HikariDataSource       : HikariPool-1 - Shutdown initiated...
2021-02-21 05:53:26.065  INFO 34316 --- [           main] com.zaxxer.hikari.HikariDataSource       : HikariPool-1 - Shutdown completed.
]]></system-out>
  </testcase>
  <testcase name="findByIdTest_2" classname="com.example.Tutorial.JDBC_JPA_H2.repository.PersonJpaRepositoryTest" time="0.01">
    <error type="java.lang.NullPointerException">java.lang.NullPointerException
	at com.example.Tutorial.JDBC_JPA_H2.repository.PersonJpaRepositoryTest.findByIdTest_2(PersonJpaRepositoryTest.java:37)
</error>
    <system-out><![CDATA[
  .   ____          _            __ _ _
 /\\ / ___'_ __ _ _(_)_ __  __ _ \ \ \ \
( ( )\___ | '_ | '_| | '_ \/ _` | \ \ \ \
 \\/  ___)| |_)| | | | | || (_| |  ) ) ) )
  '  |____| .__|_| |_|_| |_\__, | / / / /
 =========|_|==============|___/=/_/_/_/
 :: Spring Boot ::        (v2.2.6.RELEASE)

2021-02-21 05:53:26.136  INFO 34316 --- [           main] c.e.T.J.r.PersonJpaRepositoryTest        : Starting PersonJpaRepositoryTest on INNO2-6315 with PID 34316 (started by G522300 in C:\Projects\Idemia\Personal\JDBC_JPA_H2_Spring_Hibernate_learning\JDBC_JPA_H2)
2021-02-21 05:53:26.137  INFO 34316 --- [           main] c.e.T.J.r.PersonJpaRepositoryTest        : No active profile set, falling back to default profiles: default
2021-02-21 05:53:26.449  INFO 34316 --- [           main] .s.d.r.c.RepositoryConfigurationDelegate : Bootstrapping Spring Data JPA repositories in DEFAULT mode.
2021-02-21 05:53:26.457  INFO 34316 --- [           main] .s.d.r.c.RepositoryConfigurationDelegate : Finished Spring Data repository scanning in 7ms. Found 0 JPA repository interfaces.
2021-02-21 05:53:26.651  INFO 34316 --- [           main] com.zaxxer.hikari.HikariDataSource       : HikariPool-2 - Starting...
2021-02-21 05:53:26.653  INFO 34316 --- [           main] com.zaxxer.hikari.HikariDataSource       : HikariPool-2 - Start completed.
2021-02-21 05:53:26.682  INFO 34316 --- [           main] o.hibernate.jpa.internal.util.LogHelper  : HHH000204: Processing PersistenceUnitInfo [name: default]
2021-02-21 05:53:26.692  INFO 34316 --- [           main] org.hibernate.dialect.Dialect            : HHH000400: Using dialect: org.hibernate.dialect.H2Dialect
Hibernate: drop table course if exists
Hibernate: drop table passport if exists
Hibernate: drop table person if exists
Hibernate: drop table review if exists
Hibernate: drop sequence if exists hibernate_sequence
Hibernate: create sequence hibernate_sequence start with 1 increment by 1
Hibernate: create table course (id bigint not null, course_name varchar(255) not null, primary key (id))
Hibernate: create table passport (id bigint not null, number varchar(255) not null, primary key (id))
Hibernate: create table person (id bigint not null, birth_date timestamp, created_date timestamp, last_updated_date timestamp, location varchar(255), fullname varchar(255) not null, passport_id bigint, primary key (id))
Hibernate: create table review (id bigint not null, rating varchar(255) not null, course_id bigint, primary key (id))
Hibernate: alter table person add constraint FKpm70pbnghc1m7eq6n4jf5fkd foreign key (passport_id) references passport
Hibernate: alter table review add constraint FKprox8elgnr8u5wrq1983degk foreign key (course_id) references course
2021-02-21 05:53:26.800  INFO 34316 --- [           main] o.h.e.t.j.p.i.JtaPlatformInitiator       : HHH000490: Using JtaPlatform implementation: [org.hibernate.engine.transaction.jta.platform.internal.NoJtaPlatform]
2021-02-21 05:53:26.806  INFO 34316 --- [           main] j.LocalContainerEntityManagerFactoryBean : Initialized JPA EntityManagerFactory for persistence unit 'default'
2021-02-21 05:53:27.055  WARN 34316 --- [           main] JpaBaseConfiguration$JpaWebConfiguration : spring.jpa.open-in-view is enabled by default. Therefore, database queries may be performed during view rendering. Explicitly configure spring.jpa.open-in-view to disable this warning
2021-02-21 05:53:27.247  INFO 34316 --- [           main] o.s.s.concurrent.ThreadPoolTaskExecutor  : Initializing ExecutorService 'applicationTaskExecutor'
2021-02-21 05:53:27.533  INFO 34316 --- [           main] o.s.b.a.h2.H2ConsoleAutoConfiguration    : H2 console available at '/h2-console'. Database available at 'jdbc:h2:mem:testdb'
2021-02-21 05:53:27.652  INFO 34316 --- [           main] c.e.T.J.r.PersonJpaRepositoryTest        : Started PersonJpaRepositoryTest in 1.57 seconds (JVM running for 9.9)
2021-02-21
05:53:27.653
2021-02-21T05:53:27.653
Hibernate: call next value for hibernate_sequence
Hibernate: call next value for hibernate_sequence
Hibernate: insert into passport (number, id) values (?, ?)
Hibernate: insert into person (birth_date, created_date, last_updated_date, location, fullname, passport_id, id) values (?, ?, ?, ?, ?, ?, ?)
Hibernate: select person0_.id as id1_2_0_, person0_.birth_date as birth_da2_2_0_, person0_.created_date as created_3_2_0_, person0_.last_updated_date as last_upd4_2_0_, person0_.location as location5_2_0_, person0_.fullname as fullname6_2_0_, person0_.passport_id as passport7_2_0_ from person person0_ where person0_.id=?
2021-02-21 05:53:27.666  INFO 34316 --- [           main] c.e.T.J.r.PersonPassportJpaRepository    : Person [id=2, name=Paras, location=Kalanaur, birthDate=2021-02-21 05:53:27.655]
Hibernate: select passport0_.id as id1_1_0_, passport0_.number as number2_1_0_ from passport passport0_ where passport0_.id=?
2021-02-21 05:53:27.666  INFO 34316 --- [           main] c.e.T.J.r.PersonPassportJpaRepository    : Passport [id=1, number=EHJKL]
Hibernate: call next value for hibernate_sequence
2021-02-21 05:53:27.670  INFO 34316 --- [           main] c.e.T.J.repository.CourseJpaRepository   : Course has been persisted in DB Course [id=3, courseName=Testing Course]
Hibernate: insert into course (course_name, id) values (?, ?)
Hibernate: select course0_.id as id1_0_0_, course0_.course_name as course_n2_0_0_ from course course0_ where course0_.id=?
Hibernate: select reviews0_.course_id as course_i3_3_0_, reviews0_.id as id1_3_0_, reviews0_.id as id1_3_1_, reviews0_.course_id as course_i3_3_1_, reviews0_.rating as rating2_3_1_ from review reviews0_ where reviews0_.course_id=?
2021-02-21 05:53:27.676  INFO 34316 --- [           main] c.e.T.J.repository.CourseJpaRepository   : []
Hibernate: call next value for hibernate_sequence
Hibernate: call next value for hibernate_sequence
Hibernate: insert into review (course_id, rating, id) values (?, ?, ?)
Hibernate: insert into review (course_id, rating, id) values (?, ?, ?)
Hibernate: select course0_.id as id1_0_0_, course0_.course_name as course_n2_0_0_ from course course0_ where course0_.id=?
Hibernate: select reviews0_.course_id as course_i3_3_0_, reviews0_.id as id1_3_0_, reviews0_.id as id1_3_1_, reviews0_.course_id as course_i3_3_1_, reviews0_.rating as rating2_3_1_ from review reviews0_ where reviews0_.course_id=?
2021-02-21 05:53:27.686  INFO 34316 --- [           main] c.e.T.J.repository.CourseJpaRepository   : [Review [id=4, rating=3], Review [id=5, rating=2]]
Hibernate: select person0_.id as id1_2_0_, person0_.birth_date as birth_da2_2_0_, person0_.created_date as created_3_2_0_, person0_.last_updated_date as last_upd4_2_0_, person0_.location as location5_2_0_, person0_.fullname as fullname6_2_0_, person0_.passport_id as passport7_2_0_ from person person0_ where person0_.id=?
]]></system-out>
  </testcase>
  <testcase name="findByIdTest" classname="com.example.Tutorial.JDBC_JPA_H2.repository.PersonJpaRepositoryTest" time="0.01">
    <error type="java.lang.NullPointerException">java.lang.NullPointerException
	at com.example.Tutorial.JDBC_JPA_H2.repository.PersonJpaRepositoryTest.findByIdTest(PersonJpaRepositoryTest.java:30)
</error>
    <system-out><![CDATA[Hibernate: select person0_.id as id1_2_0_, person0_.birth_date as birth_da2_2_0_, person0_.created_date as created_3_2_0_, person0_.last_updated_date as last_upd4_2_0_, person0_.location as location5_2_0_, person0_.fullname as fullname6_2_0_, person0_.passport_id as passport7_2_0_ from person person0_ where person0_.id=?
]]></system-out>
  </testcase>
  <testcase name="deleteById" classname="com.example.Tutorial.JDBC_JPA_H2.repository.PersonJpaRepositoryTest" time="0.042"/>
</testsuite>